Build started 31/01/2016 10:27:27 PM.
     1>Project "C:\visual studio 2015\Projects\C++\School\Grade 11\Store\Store\Store.vcxproj" on node 2 (Build target(s)).
     1>Link:
         C:\Program Files (x86)\Microsoft Visual Studio 14.0\VC\bin\link.exe /ERRORREPORT:PROMPT /OUT:"C:\visual studio 2015\Projects\C++\School\Grade 11\Store\Debug\Store.exe" /INCREMENTAL /NOLOGO kernel32.lib user32.lib gdi32.lib winspool.lib comdlg32.lib advapi32.lib shell32.lib ole32.lib oleaut32.lib uuid.lib odbc32.lib odbccp32.lib /MANIFEST /MANIFESTUAC:"level='asInvoker' uiAccess='false'" /manifest:embed /Debug /PDB:"C:\visual studio 2015\Projects\C++\School\Grade 11\Store\Debug\Store.pdb" /SUBSYSTEM:CONSOLE /TLBID:1 /DYNAMICBASE /NXCOMPAT /IMPLIB:"C:\visual studio 2015\Projects\C++\School\Grade 11\Store\Debug\Store.lib" /MACHINE:X86 Debug\Change.obj
         Debug\Store.obj
     1>Store.obj : error LNK2005: _main already defined in Change.obj
     1>C:\visual studio 2015\Projects\C++\School\Grade 11\Store\Debug\Store.exe : fatal error LNK1169: one or more multiply defined symbols found
     1>Done Building Project "C:\visual studio 2015\Projects\C++\School\Grade 11\Store\Store\Store.vcxproj" (Build target(s)) -- FAILED.

Build FAILED.

Time Elapsed 00:00:00.33
